
Running tests... 
----------------------------------------------------------------------
 test_001 (test_api.TestBaidu) ... OK (0.099733)s
 test_002 (test_api.TestBaidu) ... OK (0.083779)s
 test_003 (test_api.TestBaidu) ... ERROR (0.000995)s

======================================================================
ERROR [0.000995s]: test_003 (test_api.TestBaidu)
----------------------------------------------------------------------
Traceback (most recent call last):
  File "C:\Users\小米笔记本\Desktop\全篇\testcase\test_api.py", line 28, in test_003
    unittest.TestCase.fail()
TypeError: fail() missing 1 required positional argument: 'self'

----------------------------------------------------------------------
Ran 3 tests in 0:00:00

FAILED
 (Errors=1)

Generating HTML reports... 
